09/21/2021 01:19:34 AM : harvest : DEBUG : Streamer: YahooStreamer
Broker: PaperBroker
Storage: BaseStorage
09/21/2021 01:19:34 AM : harvest : DEBUG : Setting up Harvest...
09/21/2021 01:19:34 AM : harvest : DEBUG : Fetched orders:
[]
09/21/2021 01:19:34 AM : harvest : DEBUG : Fetched positions:
[]
[]
[]
09/21/2021 01:19:34 AM : harvest : DEBUG : Updated option positions:
[]
09/21/2021 01:19:34 AM : harvest : DEBUG : Watchlist: []
09/21/2021 01:19:34 AM : harvest : DEBUG : Interval: {'@ETH': {'interval': <Interval.MIN_1: 2>, 'aggregations': []}}
09/21/2021 01:19:34 AM : harvest : DEBUG : Poll Interval: 2
09/21/2021 01:19:34 AM : harvest : DEBUG : PaperBroker setup finished
09/21/2021 01:19:34 AM : harvest : DEBUG : Interval: {'@ETH': {'interval': <Interval.MIN_1: 2>, 'aggregations': []}}
09/21/2021 01:19:34 AM : harvest : DEBUG : Poll Interval: 2
09/21/2021 01:19:34 AM : harvest : DEBUG : YahooStreamer setup finished
09/21/2021 01:19:34 AM : harvest : DEBUG : Fetching @ETH 2 price history
09/21/2021 01:19:34 AM : harvest : DEBUG : Algo BUY: @ETH, 1
